Fri Oct  6 02:49:54 2023       
+-----------------------------------------------------------------------------+
| NVIDIA-SMI 515.65.01    Driver Version: 515.65.01    CUDA Version: 11.7     |
|-------------------------------+----------------------+----------------------+
| GPU  Name        Persistence-M| Bus-Id        Disp.A | Volatile Uncorr. ECC |
| Fan  Temp  Perf  Pwr:Usage/Cap|         Memory-Usage | GPU-Util  Compute M. |
|                               |                      |               MIG M. |
|===============================+======================+======================|
|   0  Tesla V100-PCIE...  On   | 00000000:3B:00.0 Off |                    0 |
| N/A   31C    P0    25W / 250W |      0MiB / 32768MiB |      0%      Default |
|                               |                      |                  N/A |
+-------------------------------+----------------------+----------------------+
|   1  Tesla V100-PCIE...  On   | 00000000:D8:00.0 Off |                    0 |
| N/A   31C    P0    25W / 250W |      0MiB / 32768MiB |      0%      Default |
|                               |                      |                  N/A |
+-------------------------------+----------------------+----------------------+
                                                                               
+-----------------------------------------------------------------------------+
| Processes:                                                                  |
|  GPU   GI   CI        PID   Type   Process name                  GPU Memory |
|        ID   ID                                                   Usage      |
|=============================================================================|
|  No running processes found                                                 |
+-----------------------------------------------------------------------------+
/home/people/22200968/pyenv/lib/python3.8/site-packages/torch/nn/modules/rnn.py:67: UserWarning: dropout option adds dropout after all but last recurrent layer, so non-zero dropout expects num_layers greater than 1, but got dropout=0.5 and num_layers=1
  warnings.warn("dropout option adds dropout after all but last "
PyTorch Version : 1.13.1
cuda
1.1.statement.pt
***** Best Result Updated at Epoch 1, Val Loss: 1.6295 *****
Epoch [1/20], Time: 9.41s, 
Train Loss: 1.7205, Train Acc: 0.2853, Train F1 Macro: 0.1729, Train F1 Micro: 0.2853, Train RMSE: 1.8869, 
Val Loss: 1.6295, Val Acc: 0.3104, Val F1 Macro: 0.1459, Val F1 Micro: 0.3104, Val RMSE: 1.7961, 
Test Loss: 1.6287, Test Acc: 0.3132, Test F1 Macro: 0.1478, Test F1 Micro: 0.3132, Test RMSE: 1.8039

***** Best Result Updated at Epoch 2, Val Loss: 1.6146 *****
Epoch [2/20], Time: 4.06s, 
Train Loss: 1.6177, Train Acc: 0.3226, Train F1 Macro: 0.1976, Train F1 Micro: 0.3040, Train RMSE: 1.8126, 
Val Loss: 1.6146, Val Acc: 0.3074, Val F1 Macro: 0.1585, Val F1 Micro: 0.3089, Val RMSE: 1.7162, 
Test Loss: 1.6054, Test Acc: 0.3232, Test F1 Macro: 0.1651, Test F1 Micro: 0.3182, Test RMSE: 1.6981

***** Best Result Updated at Epoch 3, Val Loss: 1.5918 *****
Epoch [3/20], Time: 3.92s, 
Train Loss: 1.5413, Train Acc: 0.3563, Train F1 Macro: 0.2281, Train F1 Micro: 0.3214, Train RMSE: 1.7537, 
Val Loss: 1.5918, Val Acc: 0.3174, Val F1 Macro: 0.1957, Val F1 Micro: 0.3117, Val RMSE: 1.7141, 
Test Loss: 1.5799, Test Acc: 0.3197, Test F1 Macro: 0.1964, Test F1 Micro: 0.3187, Test RMSE: 1.7054

Epoch [4/20], Time: 3.66s, 
Train Loss: 1.4585, Train Acc: 0.4004, Train F1 Macro: 0.2615, Train F1 Micro: 0.3412, Train RMSE: 1.6996, 
Val Loss: 1.5993, Val Acc: 0.3326, Val F1 Macro: 0.2077, Val F1 Micro: 0.3169, Val RMSE: 1.6962, 
Test Loss: 1.5871, Test Acc: 0.3240, Test F1 Macro: 0.2048, Test F1 Micro: 0.3200, Test RMSE: 1.6954

Epoch [5/20], Time: 3.56s, 
Train Loss: 1.3647, Train Acc: 0.4452, Train F1 Macro: 0.2939, Train F1 Micro: 0.3620, Train RMSE: 1.6496, 
Val Loss: 1.6347, Val Acc: 0.3209, Val F1 Macro: 0.2178, Val F1 Micro: 0.3177, Val RMSE: 1.7030, 
Test Loss: 1.6206, Test Acc: 0.3206, Test F1 Macro: 0.2158, Test F1 Micro: 0.3201, Test RMSE: 1.7038

Epoch [6/20], Time: 3.75s, 
Train Loss: 1.2513, Train Acc: 0.4965, Train F1 Macro: 0.3258, Train F1 Micro: 0.3844, Train RMSE: 1.6031, 
Val Loss: 1.7318, Val Acc: 0.3108, Val F1 Macro: 0.2235, Val F1 Micro: 0.3166, Val RMSE: 1.6815, 
Test Loss: 1.7237, Test Acc: 0.3075, Test F1 Macro: 0.2198, Test F1 Micro: 0.3180, Test RMSE: 1.6870

Epoch [7/20], Time: 3.69s, 
Train Loss: 1.1188, Train Acc: 0.5562, Train F1 Macro: 0.3583, Train F1 Micro: 0.4089, Train RMSE: 1.5556, 
Val Loss: 1.7796, Val Acc: 0.3095, Val F1 Macro: 0.2286, Val F1 Micro: 0.3156, Val RMSE: 1.6838, 
Test Loss: 1.7829, Test Acc: 0.3105, Test F1 Macro: 0.2259, Test F1 Micro: 0.3169, Test RMSE: 1.6863

Epoch [8/20], Time: 3.95s, 
Train Loss: 0.9714, Train Acc: 0.6241, Train F1 Macro: 0.3918, Train F1 Micro: 0.4358, Train RMSE: 1.5076, 
Val Loss: 1.9380, Val Acc: 0.3091, Val F1 Macro: 0.2342, Val F1 Micro: 0.3148, Val RMSE: 1.6970, 
Test Loss: 1.9350, Test Acc: 0.3193, Test F1 Macro: 0.2341, Test F1 Micro: 0.3172, Test RMSE: 1.6966

Epoch [9/20], Time: 3.76s, 
Train Loss: 0.8359, Train Acc: 0.6863, Train F1 Macro: 0.4252, Train F1 Micro: 0.4637, Train RMSE: 1.4620, 
Val Loss: 2.0809, Val Acc: 0.3047, Val F1 Macro: 0.2377, Val F1 Micro: 0.3136, Val RMSE: 1.6995, 
Test Loss: 2.0879, Test Acc: 0.2983, Test F1 Macro: 0.2375, Test F1 Micro: 0.3151, Test RMSE: 1.6985

Epoch [10/20], Time: 3.80s, 
Train Loss: 0.7328, Train Acc: 0.7270, Train F1 Macro: 0.4561, Train F1 Micro: 0.4900, Train RMSE: 1.4187, 
Val Loss: 2.2523, Val Acc: 0.2978, Val F1 Macro: 0.2417, Val F1 Micro: 0.3121, Val RMSE: 1.7084, 
Test Loss: 2.2654, Test Acc: 0.3023, Test F1 Macro: 0.2425, Test F1 Micro: 0.3139, Test RMSE: 1.7032

Epoch [11/20], Time: 4.04s, 
Train Loss: 0.6318, Train Acc: 0.7662, Train F1 Macro: 0.4851, Train F1 Micro: 0.5151, Train RMSE: 1.3775, 
Val Loss: 2.4658, Val Acc: 0.3052, Val F1 Macro: 0.2440, Val F1 Micro: 0.3114, Val RMSE: 1.7086, 
Test Loss: 2.4509, Test Acc: 0.3127, Test F1 Macro: 0.2460, Test F1 Micro: 0.3137, Test RMSE: 1.7017

Epoch [12/20], Time: 3.86s, 
Train Loss: 0.5573, Train Acc: 0.7976, Train F1 Macro: 0.5118, Train F1 Micro: 0.5386, Train RMSE: 1.3391, 
Val Loss: 2.6884, Val Acc: 0.3030, Val F1 Macro: 0.2454, Val F1 Micro: 0.3107, Val RMSE: 1.7098, 
Test Loss: 2.6673, Test Acc: 0.3158, Test F1 Macro: 0.2486, Test F1 Micro: 0.3139, Test RMSE: 1.7033

Epoch [13/20], Time: 3.90s, 
Train Loss: 0.4886, Train Acc: 0.8284, Train F1 Macro: 0.5368, Train F1 Micro: 0.5609, Train RMSE: 1.3029, 
Val Loss: 2.9327, Val Acc: 0.3043, Val F1 Macro: 0.2468, Val F1 Micro: 0.3102, Val RMSE: 1.7094, 
Test Loss: 2.9324, Test Acc: 0.3075, Test F1 Macro: 0.2505, Test F1 Micro: 0.3134, Test RMSE: 1.7033

Epoch [14/20], Time: 3.96s, 
Train Loss: 0.4549, Train Acc: 0.8366, Train F1 Macro: 0.5586, Train F1 Micro: 0.5806, Train RMSE: 1.2714, 
Val Loss: 3.1128, Val Acc: 0.2960, Val F1 Macro: 0.2477, Val F1 Micro: 0.3092, Val RMSE: 1.7176, 
Test Loss: 3.1103, Test Acc: 0.2992, Test F1 Macro: 0.2518, Test F1 Micro: 0.3124, Test RMSE: 1.7111

Epoch [15/20], Time: 4.20s, 
Train Loss: 0.3785, Train Acc: 0.8675, Train F1 Macro: 0.5797, Train F1 Micro: 0.5998, Train RMSE: 1.2403, 
Val Loss: 3.3502, Val Acc: 0.2947, Val F1 Macro: 0.2481, Val F1 Micro: 0.3083, Val RMSE: 1.7184, 
Test Loss: 3.3289, Test Acc: 0.3018, Test F1 Macro: 0.2528, Test F1 Micro: 0.3117, Test RMSE: 1.7122

Epoch [16/20], Time: 4.03s, 
Train Loss: 0.3471, Train Acc: 0.8781, Train F1 Macro: 0.5988, Train F1 Micro: 0.6171, Train RMSE: 1.2108, 
Val Loss: 3.4895, Val Acc: 0.2921, Val F1 Macro: 0.2490, Val F1 Micro: 0.3072, Val RMSE: 1.7204, 
Test Loss: 3.4373, Test Acc: 0.3031, Test F1 Macro: 0.2545, Test F1 Micro: 0.3112, Test RMSE: 1.7140

Epoch [17/20], Time: 4.08s, 
Train Loss: 0.3279, Train Acc: 0.8871, Train F1 Macro: 0.6162, Train F1 Micro: 0.6330, Train RMSE: 1.1841, 
Val Loss: 3.6556, Val Acc: 0.2952, Val F1 Macro: 0.2499, Val F1 Micro: 0.3065, Val RMSE: 1.7225, 
Test Loss: 3.6216, Test Acc: 0.3018, Test F1 Macro: 0.2556, Test F1 Micro: 0.3106, Test RMSE: 1.7169

Epoch [18/20], Time: 4.11s, 
Train Loss: 0.3133, Train Acc: 0.8908, Train F1 Macro: 0.6317, Train F1 Micro: 0.6473, Train RMSE: 1.1599, 
Val Loss: 3.8202, Val Acc: 0.2952, Val F1 Macro: 0.2504, Val F1 Micro: 0.3059, Val RMSE: 1.7255, 
Test Loss: 3.7670, Test Acc: 0.3127, Test F1 Macro: 0.2566, Test F1 Micro: 0.3107, Test RMSE: 1.7193

Epoch [19/20], Time: 4.17s, 
Train Loss: 0.2724, Train Acc: 0.9079, Train F1 Macro: 0.6465, Train F1 Micro: 0.6611, Train RMSE: 1.1362, 
Val Loss: 3.9701, Val Acc: 0.2878, Val F1 Macro: 0.2517, Val F1 Micro: 0.3050, Val RMSE: 1.7291, 
Test Loss: 3.8682, Test Acc: 0.3036, Test F1 Macro: 0.2584, Test F1 Micro: 0.3104, Test RMSE: 1.7216

Epoch [20/20], Time: 4.37s, 
Train Loss: 0.2532, Train Acc: 0.9137, Train F1 Macro: 0.6601, Train F1 Micro: 0.6737, Train RMSE: 1.1138, 
Val Loss: 4.2097, Val Acc: 0.2939, Val F1 Macro: 0.2525, Val F1 Micro: 0.3044, Val RMSE: 1.7304, 
Test Loss: 4.0797, Test Acc: 0.3110, Test F1 Macro: 0.2598, Test F1 Micro: 0.3104, Test RMSE: 1.7223

Total Training Time: 84.27s

Test Loss: 1.5799, Test Acc: 0.3197, Test F1 Macro: 0.2380, Test F1 Micro: 0.3197, Test RMSE: 1.7199
