Fri Oct  6 02:53:23 2023       
+-----------------------------------------------------------------------------+
| NVIDIA-SMI 515.65.01    Driver Version: 515.65.01    CUDA Version: 11.7     |
|-------------------------------+----------------------+----------------------+
| GPU  Name        Persistence-M| Bus-Id        Disp.A | Volatile Uncorr. ECC |
| Fan  Temp  Perf  Pwr:Usage/Cap|         Memory-Usage | GPU-Util  Compute M. |
|                               |                      |               MIG M. |
|===============================+======================+======================|
|   0  Tesla V100-PCIE...  On   | 00000000:3B:00.0 Off |                    0 |
| N/A   37C    P0    31W / 250W |      0MiB / 32768MiB |      0%      Default |
|                               |                      |                  N/A |
+-------------------------------+----------------------+----------------------+
|   1  Tesla V100-PCIE...  On   | 00000000:D8:00.0 Off |                    0 |
| N/A   31C    P0    25W / 250W |      0MiB / 32768MiB |      0%      Default |
|                               |                      |                  N/A |
+-------------------------------+----------------------+----------------------+
                                                                               
+-----------------------------------------------------------------------------+
| Processes:                                                                  |
|  GPU   GI   CI        PID   Type   Process name                  GPU Memory |
|        ID   ID                                                   Usage      |
|=============================================================================|
|  No running processes found                                                 |
+-----------------------------------------------------------------------------+
/home/people/22200968/pyenv/lib/python3.8/site-packages/torch/nn/modules/rnn.py:67: UserWarning: dropout option adds dropout after all but last recurrent layer, so non-zero dropout expects num_layers greater than 1, but got dropout=0.5 and num_layers=1
  warnings.warn("dropout option adds dropout after all but last "
PyTorch Version : 1.13.1
cuda
1.3.subject.pt
***** Best Result Updated at Epoch 1, Val Loss: 1.5822 *****
Epoch [1/20], Time: 3.63s, 
Train Loss: 1.6209, Train Acc: 0.2975, Train F1 Macro: 0.2182, Train F1 Micro: 0.2975, Train RMSE: 1.7954, 
Val Loss: 1.5822, Val Acc: 0.3082, Val F1 Macro: 0.2101, Val F1 Micro: 0.3082, Val RMSE: 1.6950, 
Test Loss: 1.5771, Test Acc: 0.3158, Test F1 Macro: 0.2020, Test F1 Micro: 0.3158, Test RMSE: 1.6899

***** Best Result Updated at Epoch 2, Val Loss: 1.5759 *****
Epoch [2/20], Time: 3.16s, 
Train Loss: 1.5891, Train Acc: 0.3141, Train F1 Macro: 0.2253, Train F1 Micro: 0.3058, Train RMSE: 1.7849, 
Val Loss: 1.5759, Val Acc: 0.3161, Val F1 Macro: 0.2090, Val F1 Micro: 0.3121, Val RMSE: 1.6874, 
Test Loss: 1.5682, Test Acc: 0.3219, Test F1 Macro: 0.2005, Test F1 Micro: 0.3188, Test RMSE: 1.6941

Epoch [3/20], Time: 2.67s, 
Train Loss: 1.5771, Train Acc: 0.3234, Train F1 Macro: 0.2322, Train F1 Micro: 0.3117, Train RMSE: 1.7705, 
Val Loss: 1.5774, Val Acc: 0.3117, Val F1 Macro: 0.2138, Val F1 Micro: 0.3120, Val RMSE: 1.6755, 
Test Loss: 1.5689, Test Acc: 0.3236, Test F1 Macro: 0.2062, Test F1 Micro: 0.3204, Test RMSE: 1.6828

Epoch [4/20], Time: 2.82s, 
Train Loss: 1.5674, Train Acc: 0.3316, Train F1 Macro: 0.2392, Train F1 Micro: 0.3167, Train RMSE: 1.7619, 
Val Loss: 1.5772, Val Acc: 0.3239, Val F1 Macro: 0.2240, Val F1 Micro: 0.3150, Val RMSE: 1.7011, 
Test Loss: 1.5728, Test Acc: 0.3275, Test F1 Macro: 0.2147, Test F1 Micro: 0.3222, Test RMSE: 1.7054

***** Best Result Updated at Epoch 5, Val Loss: 1.5741 *****
Epoch [5/20], Time: 3.28s, 
Train Loss: 1.5632, Train Acc: 0.3319, Train F1 Macro: 0.2442, Train F1 Micro: 0.3197, Train RMSE: 1.7595, 
Val Loss: 1.5741, Val Acc: 0.3256, Val F1 Macro: 0.2283, Val F1 Micro: 0.3171, Val RMSE: 1.7142, 
Test Loss: 1.5735, Test Acc: 0.3284, Test F1 Macro: 0.2190, Test F1 Micro: 0.3234, Test RMSE: 1.7147

***** Best Result Updated at Epoch 6, Val Loss: 1.5740 *****
Epoch [6/20], Time: 3.37s, 
Train Loss: 1.5545, Train Acc: 0.3369, Train F1 Macro: 0.2487, Train F1 Micro: 0.3226, Train RMSE: 1.7572, 
Val Loss: 1.5740, Val Acc: 0.3243, Val F1 Macro: 0.2311, Val F1 Micro: 0.3183, Val RMSE: 1.7007, 
Test Loss: 1.5768, Test Acc: 0.3267, Test F1 Macro: 0.2209, Test F1 Micro: 0.3240, Test RMSE: 1.7042

Epoch [7/20], Time: 2.93s, 
Train Loss: 1.5492, Train Acc: 0.3374, Train F1 Macro: 0.2530, Train F1 Micro: 0.3247, Train RMSE: 1.7546, 
Val Loss: 1.5869, Val Acc: 0.3165, Val F1 Macro: 0.2362, Val F1 Micro: 0.3181, Val RMSE: 1.6988, 
Test Loss: 1.5864, Test Acc: 0.3240, Test F1 Macro: 0.2279, Test F1 Micro: 0.3240, Test RMSE: 1.7031

Epoch [8/20], Time: 3.12s, 
Train Loss: 1.5398, Train Acc: 0.3476, Train F1 Macro: 0.2576, Train F1 Micro: 0.3276, Train RMSE: 1.7512, 
Val Loss: 1.5774, Val Acc: 0.3156, Val F1 Macro: 0.2394, Val F1 Micro: 0.3178, Val RMSE: 1.7122, 
Test Loss: 1.5785, Test Acc: 0.3297, Test F1 Macro: 0.2327, Test F1 Micro: 0.3247, Test RMSE: 1.7119

Epoch [9/20], Time: 3.00s, 
Train Loss: 1.5323, Train Acc: 0.3480, Train F1 Macro: 0.2617, Train F1 Micro: 0.3298, Train RMSE: 1.7466, 
Val Loss: 1.5864, Val Acc: 0.3143, Val F1 Macro: 0.2443, Val F1 Micro: 0.3174, Val RMSE: 1.7188, 
Test Loss: 1.5871, Test Acc: 0.3245, Test F1 Macro: 0.2378, Test F1 Micro: 0.3247, Test RMSE: 1.7201

Epoch [10/20], Time: 3.00s, 
Train Loss: 1.5292, Train Acc: 0.3511, Train F1 Macro: 0.2651, Train F1 Micro: 0.3320, Train RMSE: 1.7453, 
Val Loss: 1.5891, Val Acc: 0.3100, Val F1 Macro: 0.2456, Val F1 Micro: 0.3166, Val RMSE: 1.7326, 
Test Loss: 1.5918, Test Acc: 0.3271, Test F1 Macro: 0.2396, Test F1 Micro: 0.3249, Test RMSE: 1.7320

Epoch [11/20], Time: 3.18s, 
Train Loss: 1.5240, Train Acc: 0.3490, Train F1 Macro: 0.2681, Train F1 Micro: 0.3335, Train RMSE: 1.7442, 
Val Loss: 1.5828, Val Acc: 0.3143, Val F1 Macro: 0.2471, Val F1 Micro: 0.3164, Val RMSE: 1.7385, 
Test Loss: 1.5872, Test Acc: 0.3232, Test F1 Macro: 0.2409, Test F1 Micro: 0.3248, Test RMSE: 1.7361

Epoch [12/20], Time: 3.09s, 
Train Loss: 1.5149, Train Acc: 0.3583, Train F1 Macro: 0.2714, Train F1 Micro: 0.3356, Train RMSE: 1.7415, 
Val Loss: 1.5907, Val Acc: 0.3135, Val F1 Macro: 0.2484, Val F1 Micro: 0.3162, Val RMSE: 1.7449, 
Test Loss: 1.5905, Test Acc: 0.3332, Test F1 Macro: 0.2432, Test F1 Micro: 0.3255, Test RMSE: 1.7386

Epoch [13/20], Time: 3.10s, 
Train Loss: 1.5123, Train Acc: 0.3607, Train F1 Macro: 0.2745, Train F1 Micro: 0.3375, Train RMSE: 1.7396, 
Val Loss: 1.5912, Val Acc: 0.3174, Val F1 Macro: 0.2502, Val F1 Micro: 0.3163, Val RMSE: 1.7466, 
Test Loss: 1.5948, Test Acc: 0.3267, Test F1 Macro: 0.2447, Test F1 Micro: 0.3255, Test RMSE: 1.7404

Epoch [14/20], Time: 3.19s, 
Train Loss: 1.5007, Train Acc: 0.3683, Train F1 Macro: 0.2778, Train F1 Micro: 0.3397, Train RMSE: 1.7364, 
Val Loss: 1.5928, Val Acc: 0.3126, Val F1 Macro: 0.2515, Val F1 Micro: 0.3160, Val RMSE: 1.7570, 
Test Loss: 1.6009, Test Acc: 0.3092, Test F1 Macro: 0.2452, Test F1 Micro: 0.3244, Test RMSE: 1.7517

Epoch [15/20], Time: 3.37s, 
Train Loss: 1.4960, Train Acc: 0.3741, Train F1 Macro: 0.2811, Train F1 Micro: 0.3420, Train RMSE: 1.7338, 
Val Loss: 1.6070, Val Acc: 0.3034, Val F1 Macro: 0.2530, Val F1 Micro: 0.3152, Val RMSE: 1.7603, 
Test Loss: 1.6107, Test Acc: 0.3145, Test F1 Macro: 0.2467, Test F1 Micro: 0.3237, Test RMSE: 1.7537

Epoch [16/20], Time: 3.28s, 
Train Loss: 1.4884, Train Acc: 0.3750, Train F1 Macro: 0.2842, Train F1 Micro: 0.3441, Train RMSE: 1.7313, 
Val Loss: 1.6047, Val Acc: 0.3135, Val F1 Macro: 0.2534, Val F1 Micro: 0.3151, Val RMSE: 1.7640, 
Test Loss: 1.6055, Test Acc: 0.3193, Test F1 Macro: 0.2469, Test F1 Micro: 0.3234, Test RMSE: 1.7586

Epoch [17/20], Time: 3.36s, 
Train Loss: 1.4839, Train Acc: 0.3786, Train F1 Macro: 0.2873, Train F1 Micro: 0.3461, Train RMSE: 1.7295, 
Val Loss: 1.6039, Val Acc: 0.3047, Val F1 Macro: 0.2544, Val F1 Micro: 0.3145, Val RMSE: 1.7672, 
Test Loss: 1.6143, Test Acc: 0.3179, Test F1 Macro: 0.2481, Test F1 Micro: 0.3231, Test RMSE: 1.7620

Epoch [18/20], Time: 3.47s, 
Train Loss: 1.4772, Train Acc: 0.3812, Train F1 Macro: 0.2901, Train F1 Micro: 0.3480, Train RMSE: 1.7278, 
Val Loss: 1.6044, Val Acc: 0.3235, Val F1 Macro: 0.2551, Val F1 Micro: 0.3150, Val RMSE: 1.7672, 
Test Loss: 1.6109, Test Acc: 0.3206, Test F1 Macro: 0.2482, Test F1 Micro: 0.3230, Test RMSE: 1.7632

Epoch [19/20], Time: 3.48s, 
Train Loss: 1.4688, Train Acc: 0.3838, Train F1 Macro: 0.2928, Train F1 Micro: 0.3499, Train RMSE: 1.7266, 
Val Loss: 1.6173, Val Acc: 0.3187, Val F1 Macro: 0.2567, Val F1 Micro: 0.3151, Val RMSE: 1.7676, 
Test Loss: 1.6246, Test Acc: 0.3214, Test F1 Macro: 0.2496, Test F1 Micro: 0.3229, Test RMSE: 1.7645

Epoch [20/20], Time: 3.68s, 
Train Loss: 1.4650, Train Acc: 0.3871, Train F1 Macro: 0.2953, Train F1 Micro: 0.3518, Train RMSE: 1.7244, 
Val Loss: 1.6185, Val Acc: 0.3130, Val F1 Macro: 0.2573, Val F1 Micro: 0.3150, Val RMSE: 1.7713, 
Test Loss: 1.6228, Test Acc: 0.3210, Test F1 Macro: 0.2501, Test F1 Micro: 0.3228, Test RMSE: 1.7674

Total Training Time: 64.15s

Test Loss: 1.5768, Test Acc: 0.3267, Test F1 Macro: 0.2271, Test F1 Micro: 0.3267, Test RMSE: 1.6507
