Fri Oct  6 03:34:16 2023       
+-----------------------------------------------------------------------------+
| NVIDIA-SMI 515.65.01    Driver Version: 515.65.01    CUDA Version: 11.7     |
|-------------------------------+----------------------+----------------------+
| GPU  Name        Persistence-M| Bus-Id        Disp.A | Volatile Uncorr. ECC |
| Fan  Temp  Perf  Pwr:Usage/Cap|         Memory-Usage | GPU-Util  Compute M. |
|                               |                      |               MIG M. |
|===============================+======================+======================|
|   0  Tesla V100-PCIE...  On   | 00000000:3B:00.0 Off |                    0 |
| N/A   29C    P0    25W / 250W |      0MiB / 32768MiB |      0%      Default |
|                               |                      |                  N/A |
+-------------------------------+----------------------+----------------------+
|   1  Tesla V100-PCIE...  On   | 00000000:D8:00.0 Off |                    0 |
| N/A   29C    P0    22W / 250W |      0MiB / 32768MiB |      0%      Default |
|                               |                      |                  N/A |
+-------------------------------+----------------------+----------------------+
                                                                               
+-----------------------------------------------------------------------------+
| Processes:                                                                  |
|  GPU   GI   CI        PID   Type   Process name                  GPU Memory |
|        ID   ID                                                   Usage      |
|=============================================================================|
|  No running processes found                                                 |
+-----------------------------------------------------------------------------+
/home/people/22200968/pyenv/lib/python3.8/site-packages/torch/nn/modules/rnn.py:67: UserWarning: dropout option adds dropout after all but last recurrent layer, so non-zero dropout expects num_layers greater than 1, but got dropout=0.5 and num_layers=1
  warnings.warn("dropout option adds dropout after all but last "
PyTorch Version : 1.13.1
cuda
2.5.description.pt
***** Best Result Updated at Epoch 1, Val Loss: 0.9548 *****
Epoch [1/20], Time: 10.70s, 
Train Loss: 1.2199, Train Acc: 0.5215, Train F1 Macro: 0.4933, Train F1 Micro: 0.5215, Train RMSE: 1.4351, 
Val Loss: 0.9548, Val Acc: 0.6387, Val F1 Macro: 0.6198, Val F1 Micro: 0.6387, Val RMSE: 1.2770, 
Test Loss: 0.8957, Test Acc: 0.6659, Test F1 Macro: 0.6524, Test F1 Micro: 0.6659, Test RMSE: 1.1650

***** Best Result Updated at Epoch 2, Val Loss: 0.8704 *****
Epoch [2/20], Time: 10.02s, 
Train Loss: 0.8743, Train Acc: 0.6747, Train F1 Macro: 0.5804, Train F1 Micro: 0.5981, Train RMSE: 1.3173, 
Val Loss: 0.8704, Val Acc: 0.6691, Val F1 Macro: 0.6422, Val F1 Micro: 0.6539, Val RMSE: 1.2671, 
Test Loss: 0.8248, Test Acc: 0.6903, Test F1 Macro: 0.6677, Test F1 Micro: 0.6781, Test RMSE: 1.1915

***** Best Result Updated at Epoch 3, Val Loss: 0.8004 *****
Epoch [3/20], Time: 9.89s, 
Train Loss: 0.7712, Train Acc: 0.7083, Train F1 Macro: 0.6211, Train F1 Micro: 0.6348, Train RMSE: 1.2541, 
Val Loss: 0.8004, Val Acc: 0.6987, Val F1 Macro: 0.6591, Val F1 Micro: 0.6688, Val RMSE: 1.2295, 
Test Loss: 0.7478, Test Acc: 0.7008, Test F1 Macro: 0.6759, Test F1 Micro: 0.6857, Test RMSE: 1.1543

***** Best Result Updated at Epoch 4, Val Loss: 0.7971 *****
Epoch [4/20], Time: 10.11s, 
Train Loss: 0.6744, Train Acc: 0.7450, Train F1 Macro: 0.6510, Train F1 Micro: 0.6624, Train RMSE: 1.1965, 
Val Loss: 0.7971, Val Acc: 0.6892, Val F1 Macro: 0.6640, Val F1 Micro: 0.6739, Val RMSE: 1.2051, 
Test Loss: 0.7385, Test Acc: 0.7169, Test F1 Macro: 0.6838, Test F1 Micro: 0.6935, Test RMSE: 1.1284

Epoch [5/20], Time: 9.64s, 
Train Loss: 0.5692, Train Acc: 0.7864, Train F1 Macro: 0.6772, Train F1 Micro: 0.6872, Train RMSE: 1.1426, 
Val Loss: 0.8227, Val Acc: 0.6974, Val F1 Macro: 0.6697, Val F1 Micro: 0.6786, Val RMSE: 1.1927, 
Test Loss: 0.7702, Test Acc: 0.7091, Test F1 Macro: 0.6873, Test F1 Micro: 0.6966, Test RMSE: 1.1133

Epoch [6/20], Time: 9.73s, 
Train Loss: 0.4647, Train Acc: 0.8241, Train F1 Macro: 0.7012, Train F1 Micro: 0.7100, Train RMSE: 1.0951, 
Val Loss: 0.8727, Val Acc: 0.6961, Val F1 Macro: 0.6720, Val F1 Micro: 0.6815, Val RMSE: 1.1796, 
Test Loss: 0.8162, Test Acc: 0.7047, Test F1 Macro: 0.6886, Test F1 Micro: 0.6980, Test RMSE: 1.1065

Epoch [7/20], Time: 9.70s, 
Train Loss: 0.3513, Train Acc: 0.8691, Train F1 Macro: 0.7250, Train F1 Micro: 0.7327, Train RMSE: 1.0449, 
Val Loss: 1.0098, Val Acc: 0.6879, Val F1 Macro: 0.6727, Val F1 Micro: 0.6824, Val RMSE: 1.1731, 
Test Loss: 0.9395, Test Acc: 0.7034, Test F1 Macro: 0.6894, Test F1 Micro: 0.6987, Test RMSE: 1.1021

Epoch [8/20], Time: 9.96s, 
Train Loss: 0.2536, Train Acc: 0.9079, Train F1 Macro: 0.7478, Train F1 Micro: 0.7546, Train RMSE: 0.9964, 
Val Loss: 1.0750, Val Acc: 0.6813, Val F1 Macro: 0.6728, Val F1 Micro: 0.6823, Val RMSE: 1.1716, 
Test Loss: 1.0011, Test Acc: 0.7012, Test F1 Macro: 0.6899, Test F1 Micro: 0.6990, Test RMSE: 1.0988

Epoch [9/20], Time: 9.76s, 
Train Loss: 0.2002, Train Acc: 0.9279, Train F1 Macro: 0.7679, Train F1 Micro: 0.7739, Train RMSE: 0.9537, 
Val Loss: 1.2886, Val Acc: 0.6739, Val F1 Macro: 0.6716, Val F1 Micro: 0.6814, Val RMSE: 1.1677, 
Test Loss: 1.1905, Test Acc: 0.6990, Test F1 Macro: 0.6901, Test F1 Micro: 0.6990, Test RMSE: 1.0972

Epoch [10/20], Time: 9.77s, 
Train Loss: 0.1599, Train Acc: 0.9402, Train F1 Macro: 0.7852, Train F1 Micro: 0.7905, Train RMSE: 0.9152, 
Val Loss: 1.3701, Val Acc: 0.6674, Val F1 Macro: 0.6702, Val F1 Micro: 0.6800, Val RMSE: 1.1591, 
Test Loss: 1.2607, Test Acc: 0.6890, Test F1 Macro: 0.6892, Test F1 Micro: 0.6980, Test RMSE: 1.0926

Epoch [11/20], Time: 10.08s, 
Train Loss: 0.1298, Train Acc: 0.9535, Train F1 Macro: 0.8005, Train F1 Micro: 0.8053, Train RMSE: 0.8805, 
Val Loss: 1.3721, Val Acc: 0.6748, Val F1 Macro: 0.6696, Val F1 Micro: 0.6795, Val RMSE: 1.1548, 
Test Loss: 1.2821, Test Acc: 0.6986, Test F1 Macro: 0.6894, Test F1 Micro: 0.6981, Test RMSE: 1.0897

Epoch [12/20], Time: 9.94s, 
Train Loss: 0.1053, Train Acc: 0.9628, Train F1 Macro: 0.8141, Train F1 Micro: 0.8185, Train RMSE: 0.8497, 
Val Loss: 1.4444, Val Acc: 0.6826, Val F1 Macro: 0.6697, Val F1 Micro: 0.6798, Val RMSE: 1.1531, 
Test Loss: 1.3506, Test Acc: 0.7025, Test F1 Macro: 0.6897, Test F1 Micro: 0.6985, Test RMSE: 1.0888

Epoch [13/20], Time: 9.95s, 
Train Loss: 0.0987, Train Acc: 0.9664, Train F1 Macro: 0.8259, Train F1 Micro: 0.8298, Train RMSE: 0.8219, 
Val Loss: 1.5499, Val Acc: 0.6678, Val F1 Macro: 0.6685, Val F1 Micro: 0.6788, Val RMSE: 1.1531, 
Test Loss: 1.4323, Test Acc: 0.6916, Test F1 Macro: 0.6891, Test F1 Micro: 0.6979, Test RMSE: 1.0876

Epoch [14/20], Time: 9.92s, 
Train Loss: 0.0981, Train Acc: 0.9650, Train F1 Macro: 0.8358, Train F1 Micro: 0.8395, Train RMSE: 0.7978, 
Val Loss: 1.6243, Val Acc: 0.6657, Val F1 Macro: 0.6676, Val F1 Micro: 0.6779, Val RMSE: 1.1506, 
Test Loss: 1.5094, Test Acc: 0.6912, Test F1 Macro: 0.6887, Test F1 Micro: 0.6975, Test RMSE: 1.0871

Epoch [15/20], Time: 10.17s, 
Train Loss: 0.0866, Train Acc: 0.9698, Train F1 Macro: 0.8447, Train F1 Micro: 0.8482, Train RMSE: 0.7755, 
Val Loss: 1.6613, Val Acc: 0.6661, Val F1 Macro: 0.6670, Val F1 Micro: 0.6771, Val RMSE: 1.1483, 
Test Loss: 1.5633, Test Acc: 0.6864, Test F1 Macro: 0.6880, Test F1 Micro: 0.6967, Test RMSE: 1.0872

Epoch [16/20], Time: 9.94s, 
Train Loss: 0.0591, Train Acc: 0.9794, Train F1 Macro: 0.8532, Train F1 Micro: 0.8564, Train RMSE: 0.7544, 
Val Loss: 1.7112, Val Acc: 0.6661, Val F1 Macro: 0.6663, Val F1 Micro: 0.6764, Val RMSE: 1.1505, 
Test Loss: 1.6065, Test Acc: 0.6938, Test F1 Macro: 0.6879, Test F1 Micro: 0.6965, Test RMSE: 1.0894

Epoch [17/20], Time: 9.97s, 
Train Loss: 0.0631, Train Acc: 0.9774, Train F1 Macro: 0.8605, Train F1 Micro: 0.8635, Train RMSE: 0.7349, 
Val Loss: 1.8762, Val Acc: 0.6670, Val F1 Macro: 0.6654, Val F1 Micro: 0.6759, Val RMSE: 1.1481, 
Test Loss: 1.7844, Test Acc: 0.6829, Test F1 Macro: 0.6871, Test F1 Micro: 0.6957, Test RMSE: 1.0889

Epoch [18/20], Time: 10.01s, 
Train Loss: 0.0682, Train Acc: 0.9769, Train F1 Macro: 0.8670, Train F1 Micro: 0.8698, Train RMSE: 0.7175, 
Val Loss: 1.8718, Val Acc: 0.6722, Val F1 Macro: 0.6653, Val F1 Micro: 0.6757, Val RMSE: 1.1484, 
Test Loss: 1.7620, Test Acc: 0.6877, Test F1 Macro: 0.6868, Test F1 Micro: 0.6953, Test RMSE: 1.0913

Epoch [19/20], Time: 10.05s, 
Train Loss: 0.0561, Train Acc: 0.9798, Train F1 Macro: 0.8729, Train F1 Micro: 0.8756, Train RMSE: 0.7014, 
Val Loss: 2.0067, Val Acc: 0.6522, Val F1 Macro: 0.6642, Val F1 Micro: 0.6744, Val RMSE: 1.1488, 
Test Loss: 1.8606, Test Acc: 0.6760, Test F1 Macro: 0.6857, Test F1 Micro: 0.6943, Test RMSE: 1.0924

Epoch [20/20], Time: 10.35s, 
Train Loss: 0.0493, Train Acc: 0.9824, Train F1 Macro: 0.8784, Train F1 Micro: 0.8809, Train RMSE: 0.6858, 
Val Loss: 2.1012, Val Acc: 0.6535, Val F1 Macro: 0.6631, Val F1 Micro: 0.6734, Val RMSE: 1.1505, 
Test Loss: 1.9996, Test Acc: 0.6807, Test F1 Macro: 0.6850, Test F1 Micro: 0.6936, Test RMSE: 1.0947

Total Training Time: 199.66s

Test Loss: 0.7385, Test Acc: 0.7169, Test F1 Macro: 0.7073, Test F1 Micro: 0.7169, Test RMSE: 1.0468
